INFO [2026-05-11 00:02:30] $x
INFO [2026-05-11 00:02:30] list(Limma = limma_sig, DESeq2 = deseq_sig)
INFO [2026-05-11 00:02:30] 
INFO [2026-05-11 00:02:30] $filename
INFO [2026-05-11 00:02:30] NULL
INFO [2026-05-11 00:02:30] 
INFO [2026-05-11 00:02:30] $fill
INFO [2026-05-11 00:02:30] c("skyblue", "pink")
INFO [2026-05-11 00:02:30] 
INFO [2026-05-11 00:02:30] $alpha
INFO [2026-05-11 00:02:30] [1] 0.5
INFO [2026-05-11 00:02:30] 
INFO [2026-05-11 00:02:30] $cex
INFO [2026-05-11 00:02:30] [1] 1.5
INFO [2026-05-11 00:02:30] 
INFO [2026-05-11 00:02:30] $cat.cex
INFO [2026-05-11 00:02:30] [1] 1.5
INFO [2026-05-11 00:02:30] 
INFO [2026-05-11 00:02:30] $cat.pos
INFO [2026-05-11 00:02:30] c(-20, 20)
INFO [2026-05-11 00:02:30] 
